{
  "RSpec": {
    "coverage": {
      "/Users/Mession/Documents/Yliopisto/wadror/mobadb/config/environment.rb": [
        null,
        1,
        null,
        null,
        1
      ],
      "/Users/Mession/Documents/Yliopisto/wadror/mobadb/config/application.rb": [
        1,
        null,
        1,
        null,
        null,
        null,
        1,
        null,
        1,
        1,
        null,
        1,
        null,
        null,
        null,
        null,
        null,
        null,
        null,
        null,
        null,
        null,
        null,
        null,
        null,
        null,
        null
      ],
      "/Users/Mession/Documents/Yliopisto/wadror/mobadb/config/boot.rb": [
        null,
        1,
        null,
        1
      ],
      "/Users/Mession/Documents/Yliopisto/wadror/mobadb/config/environments/test.rb": [
        1,
        null,
        null,
        null,
        null,
        null,
        null,
        1,
        null,
        null,
        null,
        null,
        1,
        null,
        null,
        1,
        1,
        null,
        null,
        1,
        1,
        null,
        null,
        1,
        null,
        null,
        1,
        null,
        null,
        null,
        null,
        1,
        null,
        null,
        1,
        null
      ],
      "/Users/Mession/Documents/Yliopisto/wadror/mobadb/config/initializers/backtrace_silencers.rb": [
        null,
        null,
        null,
        null,
        null,
        null,
        null
      ],
      "/Users/Mession/Documents/Yliopisto/wadror/mobadb/config/initializers/filter_parameter_logging.rb": [
        null,
        null,
        null,
        1
      ],
      "/Users/Mession/Documents/Yliopisto/wadror/mobadb/config/initializers/inflections.rb": [
        null,
        null,
        null,
        null,
        null,
        null,
        null,
        null,
        null,
        null,
        null,
        null,
        null,
        null,
        null,
        null
      ],
      "/Users/Mession/Documents/Yliopisto/wadror/mobadb/config/initializers/mime_types.rb": [
        null,
        null,
        null,
        null,
        null
      ],
      "/Users/Mession/Documents/Yliopisto/wadror/mobadb/config/initializers/secret_token.rb": [
        null,
        null,
        null,
        null,
        null,
        null,
        null,
        null,
        null,
        null,
        null,
        1,
        1,
        null,
        0,
        null
      ],
      "/Users/Mession/Documents/Yliopisto/wadror/mobadb/config/initializers/session_store.rb": [
        null,
        null,
        1
      ],
      "/Users/Mession/Documents/Yliopisto/wadror/mobadb/config/initializers/wrap_parameters.rb": [
        null,
        null,
        null,
        null,
        null,
        null,
        1,
        1,
        null,
        null,
        null,
        null,
        null,
        null
      ],
      "/Users/Mession/Documents/Yliopisto/wadror/mobadb/spec/factories.rb": [
        1,
        1,
        1,
        1,
        1,
        null,
        null
      ],
      "/Users/Mession/Documents/Yliopisto/wadror/mobadb/config/routes.rb": [
        1,
        1,
        null,
        1,
        null,
        1,
        1,
        1,
        1,
        1,
        1,
        null,
        null,
        null,
        null,
        null,
        null,
        null,
        null,
        null,
        null,
        null,
        null,
        null,
        null,
        null,
        null,
        null,
        null,
        null,
        null,
        null,
        null,
        null,
        null,
        null,
        null,
        null,
        null,
        null,
        null,
        null,
        null,
        null,
        null,
        null,
        null,
        null,
        null,
        null,
        null,
        null,
        null,
        null,
        null,
        null,
        null,
        null,
        null,
        null,
        null,
        null,
        null,
        null,
        null,
        null,
        null
      ],
      "/Users/Mession/Documents/Yliopisto/wadror/mobadb/app/helpers/application_helper.rb": [
        1,
        null
      ],
      "/Users/Mession/Documents/Yliopisto/wadror/mobadb/app/helpers/memberships_helper.rb": [
        1,
        null
      ],
      "/Users/Mession/Documents/Yliopisto/wadror/mobadb/app/helpers/teams_helper.rb": [
        1,
        null
      ],
      "/Users/Mession/Documents/Yliopisto/wadror/mobadb/app/helpers/users_helper.rb": [
        1,
        null
      ],
      "/Users/Mession/Documents/Yliopisto/wadror/mobadb/spec/support/helpers/own_test_helper.rb": [
        1,
        null,
        1,
        2,
        2,
        2,
        2,
        null,
        null
      ],
      "/Users/Mession/Documents/Yliopisto/wadror/mobadb/spec/models/user_spec.rb": [
        1,
        null,
        1,
        1,
        1,
        1,
        1,
        1,
        1,
        1,
        null,
        1,
        1,
        1,
        null,
        1,
        null,
        null,
        1,
        1,
        null,
        1,
        1,
        null,
        null,
        1,
        2,
        null,
        1,
        1,
        1,
        null,
        null,
        null
      ],
      "/Users/Mession/Documents/Yliopisto/wadror/mobadb/app/controllers/memberships_controller.rb": [
        1,
        1,
        null,
        null,
        null,
        1,
        0,
        null,
        null,
        null,
        null,
        1,
        null,
        null,
        null,
        1,
        0,
        0,
        null,
        null,
        null,
        1,
        0,
        null,
        null,
        null,
        null,
        1,
        0,
        null,
        0,
        0,
        0,
        0,
        null,
        0,
        0,
        0,
        null,
        null,
        null,
        null,
        null,
        null,
        1,
        0,
        0,
        0,
        0,
        null,
        0,
        0,
        0,
        null,
        null,
        null,
        null,
        null,
        null,
        1,
        0,
        0,
        0,
        0,
        null,
        null,
        null,
        1,
        null,
        1,
        0,
        null,
        null,
        null,
        1,
        0,
        null,
        null
      ],
      "/Users/Mession/Documents/Yliopisto/wadror/mobadb/app/controllers/application_controller.rb": [
        1,
        null,
        null,
        1,
        null,
        1,
        null,
        1,
        14,
        10,
        null,
        null,
        1,
        0,
        null,
        null
      ],
      "/Users/Mession/Documents/Yliopisto/wadror/mobadb/app/controllers/sessions_controller.rb": [
        1,
        1,
        null,
        null,
        1,
        2,
        2,
        1,
        1,
        null,
        1,
        null,
        null,
        null,
        1,
        0,
        0,
        null,
        null
      ],
      "/Users/Mession/Documents/Yliopisto/wadror/mobadb/app/controllers/teams_controller.rb": [
        1,
        1,
        null,
        null,
        null,
        1,
        0,
        null,
        null,
        null,
        null,
        1,
        null,
        null,
        null,
        1,
        0,
        null,
        null,
        null,
        1,
        null,
        null,
        null,
        null,
        1,
        0,
        null,
        0,
        0,
        0,
        0,
        null,
        0,
        0,
        null,
        null,
        null,
        null,
        null,
        null,
        1,
        0,
        0,
        0,
        0,
        null,
        0,
        0,
        null,
        null,
        null,
        null,
        null,
        null,
        1,
        0,
        0,
        0,
        0,
        null,
        null,
        null,
        1,
        null,
        1,
        0,
        null,
        null,
        null,
        1,
        0,
        null,
        null
      ],
      "/Users/Mession/Documents/Yliopisto/wadror/mobadb/app/controllers/users_controller.rb": [
        1,
        1,
        null,
        null,
        null,
        1,
        0,
        null,
        null,
        null,
        null,
        1,
        null,
        null,
        null,
        1,
        1,
        null,
        null,
        null,
        1,
        null,
        null,
        null,
        null,
        1,
        1,
        null,
        1,
        1,
        1,
        2,
        1,
        null,
        0,
        0,
        null,
        null,
        null,
        null,
        null,
        null,
        1,
        0,
        0,
        0,
        0,
        null,
        0,
        0,
        null,
        null,
        null,
        null,
        null,
        null,
        1,
        0,
        0,
        0,
        null,
        0,
        0,
        0,
        null,
        null,
        null,
        1,
        null,
        1,
        2,
        null,
        null,
        null,
        1,
        2,
        null,
        null,
        1,
        1,
        1,
        1,
        null,
        null,
        null
      ],
      "/Users/Mession/Documents/Yliopisto/wadror/mobadb/app/models/membership.rb": [
        1,
        1,
        null,
        1,
        1,
        null
      ],
      "/Users/Mession/Documents/Yliopisto/wadror/mobadb/app/models/team.rb": [
        1,
        1,
        1,
        null
      ],
      "/Users/Mession/Documents/Yliopisto/wadror/mobadb/app/models/user.rb": [
        1,
        1,
        null,
        1,
        null,
        1,
        1,
        null
      ]
    },
    "timestamp": 1394900281
  }
}
